{
  "RSpec": {
    "coverage": {
      "/Users/Tsundu/Development/code/tic-tac-toe-rb-oc-000/lib/tic_tac_toe.rb": [
        1,
        24,
        24,
        24,
        24,
        24,
        null,
        null,
        1,
        null,
        23,
        23,
        23,
        20,
        null,
        3,
        null,
        null,
        null,
        null,
        1,
        null,
        20,
        20,
        20,
        null,
        null,
        null,
        1,
        19,
        19,
        19,
        18,
        null,
        1,
        0,
        0,
        null,
        null,
        null,
        19,
        19,
        null,
        null,
        1,
        37,
        37,
        333,
        57,
        null,
        null,
        null,
        37,
        null,
        null,
        null,
        1,
        null,
        36,
        36,
        null,
        null,
        null,
        null,
        1,
        null,
        null,
        null,
        null,
        null,
        null,
        null,
        null,
        null,
        null,
        null,
        1,
        65,
        65,
        null,
        520,
        520,
        520,
        null,
        520,
        21,
        null,
        null,
        6,
        null,
        null,
        null,
        65,
        null,
        null,
        1,
        null,
        128,
        null,
        null,
        null,
        1,
        21,
        6,
        null,
        15,
        null,
        null,
        null,
        null,
        1,
        null,
        21,
        10,
        null,
        11,
        null,
        null,
        null,
        null,
        1,
        7,
        6,
        6,
        null,
        null,
        null,
        null,
        null,
        1,
        4,
        null,
        null,
        null,
        null,
        1,
        null,
        12,
        null,
        null,
        17,
        17,
        null,
        null,
        null,
        12,
        5,
        null,
        7,
        3,
        null,
        null,
        null,
        null,
        null,
        null,
        null,
        null,
        null,
        null,
        null,
        null,
        null,
        null
      ]
    },
    "timestamp": 1447725304
  }
}
