{
  "RSpec": {
    "coverage": {
      "/home/madifana/code/labs/tic-tac-toe-rb-oc-000/lib/tic_tac_toe.rb": [
        null,
        null,
        1,
        null,
        null,
        null,
        null,
        null,
        null,
        null,
        null,
        null,
        null,
        null,
        1,
        21,
        21,
        21,
        21,
        21,
        null,
        null,
        null,
        1,
        21,
        null,
        null,
        1,
        1,
        null,
        null,
        1,
        24,
        null,
        null,
        null,
        1,
        22,
        null,
        22,
        19,
        3,
        null,
        null,
        null,
        null,
        1,
        18,
        18,
        18,
        18,
        19,
        18,
        18,
        null,
        1,
        1,
        null,
        null,
        null,
        null,
        null,
        1,
        20,
        20,
        180,
        31,
        null,
        null,
        20,
        null,
        null,
        null,
        1,
        19,
        null,
        null,
        null,
        null,
        1,
        79,
        564,
        18,
        0,
        null,
        null,
        61,
        null,
        null,
        null,
        1,
        21,
        20,
        106,
        13,
        null,
        null,
        null,
        8,
        null,
        null,
        1,
        22,
        null,
        null,
        1,
        20,
        null,
        null,
        1,
        7,
        7,
        6,
        null,
        null,
        null,
        null,
        null,
        null,
        null,
        null,
        1,
        40,
        16,
        16,
        null,
        12,
        5,
        7,
        3,
        null,
        null
      ]
    },
    "timestamp": 1463527241
  }
}
